<?xml version="1.0" encoding="UTF-8"?>
<testsuite xmlns:xsi="http://www.w3.org/2001/XMLSchema-instance" xsi:noNamespaceSchemaLocation="https://maven.apache.org/surefire/maven-surefire-plugin/xsd/surefire-test-report.xsd" name="RunCukesTest" time="5.575" tests="0" errors="0" skipped="0" failures="0">
  <properties>
    <property name="gopherProxySet" value="false"/>
    <property name="awt.toolkit" value="sun.lwawt.macosx.LWCToolkit"/>
    <property name="file.encoding.pkg" value="sun.io"/>
    <property name="java.specification.version" value="1.8"/>
    <property name="sun.cpu.isalist" value=""/>
    <property name="sun.jnu.encoding" value="UTF-8"/>
    <property name="java.class.path" value="/Users/chenjieyun/eclipse-workspace/InterviewTest/target/test-classes:/Users/chenjieyun/eclipse-workspace/InterviewTest/target/classes:/Users/chenjieyun/.m2/repository/org/seleniumhq/selenium/selenium-java/3.13.0/selenium-java-3.13.0.jar:/Users/chenjieyun/.m2/repository/org/seleniumhq/selenium/selenium-api/3.13.0/selenium-api-3.13.0.jar:/Users/chenjieyun/.m2/repository/org/seleniumhq/selenium/selenium-chrome-driver/3.13.0/selenium-chrome-driver-3.13.0.jar:/Users/chenjieyun/.m2/repository/org/seleniumhq/selenium/selenium-edge-driver/3.13.0/selenium-edge-driver-3.13.0.jar:/Users/chenjieyun/.m2/repository/org/seleniumhq/selenium/selenium-firefox-driver/3.13.0/selenium-firefox-driver-3.13.0.jar:/Users/chenjieyun/.m2/repository/org/seleniumhq/selenium/selenium-ie-driver/3.13.0/selenium-ie-driver-3.13.0.jar:/Users/chenjieyun/.m2/repository/org/seleniumhq/selenium/selenium-opera-driver/3.13.0/selenium-opera-driver-3.13.0.jar:/Users/chenjieyun/.m2/repository/org/seleniumhq/selenium/selenium-remote-driver/3.13.0/selenium-remote-driver-3.13.0.jar:/Users/chenjieyun/.m2/repository/org/seleniumhq/selenium/selenium-safari-driver/3.13.0/selenium-safari-driver-3.13.0.jar:/Users/chenjieyun/.m2/repository/org/seleniumhq/selenium/selenium-support/3.13.0/selenium-support-3.13.0.jar:/Users/chenjieyun/.m2/repository/net/bytebuddy/byte-buddy/1.8.3/byte-buddy-1.8.3.jar:/Users/chenjieyun/.m2/repository/org/apache/commons/commons-exec/1.3/commons-exec-1.3.jar:/Users/chenjieyun/.m2/repository/commons-codec/commons-codec/1.10/commons-codec-1.10.jar:/Users/chenjieyun/.m2/repository/commons-logging/commons-logging/1.2/commons-logging-1.2.jar:/Users/chenjieyun/.m2/repository/com/google/code/gson/gson/2.8.4/gson-2.8.4.jar:/Users/chenjieyun/.m2/repository/com/google/guava/guava/25.0-jre/guava-25.0-jre.jar:/Users/chenjieyun/.m2/repository/com/google/code/findbugs/jsr305/1.3.9/jsr305-1.3.9.jar:/Users/chenjieyun/.m2/repository/org/checkerframework/checker-compat-qual/2.0.0/checker-compat-qual-2.0.0.jar:/Users/chenjieyun/.m2/repository/com/google/errorprone/error_prone_annotations/2.1.3/error_prone_annotations-2.1.3.jar:/Users/chenjieyun/.m2/repository/com/google/j2objc/j2objc-annotations/1.1/j2objc-annotations-1.1.jar:/Users/chenjieyun/.m2/repository/org/codehaus/mojo/animal-sniffer-annotations/1.14/animal-sniffer-annotations-1.14.jar:/Users/chenjieyun/.m2/repository/org/apache/httpcomponents/httpclient/4.5.5/httpclient-4.5.5.jar:/Users/chenjieyun/.m2/repository/org/apache/httpcomponents/httpcore/4.4.9/httpcore-4.4.9.jar:/Users/chenjieyun/.m2/repository/com/squareup/okhttp3/okhttp/3.10.0/okhttp-3.10.0.jar:/Users/chenjieyun/.m2/repository/com/squareup/okio/okio/1.14.1/okio-1.14.1.jar:/Users/chenjieyun/.m2/repository/junit/junit/4.11/junit-4.11.jar:/Users/chenjieyun/.m2/repository/org/hamcrest/hamcrest-core/1.3/hamcrest-core-1.3.jar:/Users/chenjieyun/.m2/repository/net/sourceforge/jexcelapi/jxl/2.6/jxl-2.6.jar:/Users/chenjieyun/.m2/repository/org/testng/testng/6.9.4/testng-6.9.4.jar:/Users/chenjieyun/.m2/repository/org/beanshell/bsh/2.0b4/bsh-2.0b4.jar:/Users/chenjieyun/.m2/repository/com/beust/jcommander/1.48/jcommander-1.48.jar:/Users/chenjieyun/.m2/repository/io/cucumber/cucumber-java/3.0.0/cucumber-java-3.0.0.jar:/Users/chenjieyun/.m2/repository/io/cucumber/cucumber-core/3.0.0/cucumber-core-3.0.0.jar:/Users/chenjieyun/.m2/repository/io/cucumber/cucumber-html/0.2.7/cucumber-html-0.2.7.jar:/Users/chenjieyun/.m2/repository/io/cucumber/gherkin/5.0.0/gherkin-5.0.0.jar:/Users/chenjieyun/.m2/repository/io/cucumber/tag-expressions/1.1.1/tag-expressions-1.1.1.jar:/Users/chenjieyun/.m2/repository/io/cucumber/cucumber-expressions/5.0.17/cucumber-expressions-5.0.17.jar:/Users/chenjieyun/.m2/repository/io/cucumber/datatable/1.0.3/datatable-1.0.3.jar:/Users/chenjieyun/.m2/repository/io/cucumber/datatable-dependencies/1.0.3/datatable-dependencies-1.0.3.jar:/Users/chenjieyun/.m2/repository/io/cucumber/cucumber-junit/3.0.0/cucumber-junit-3.0.0.jar:/Users/chenjieyun/.m2/repository/io/rest-assured/rest-assured/3.1.0/rest-assured-3.1.0.jar:/Users/chenjieyun/.m2/repository/org/codehaus/groovy/groovy/2.4.12/groovy-2.4.12.jar:/Users/chenjieyun/.m2/repository/org/codehaus/groovy/groovy-xml/2.4.12/groovy-xml-2.4.12.jar:/Users/chenjieyun/.m2/repository/org/apache/httpcomponents/httpmime/4.5.1/httpmime-4.5.1.jar:/Users/chenjieyun/.m2/repository/org/hamcrest/hamcrest-library/1.3/hamcrest-library-1.3.jar:/Users/chenjieyun/.m2/repository/org/ccil/cowan/tagsoup/tagsoup/1.2.1/tagsoup-1.2.1.jar:/Users/chenjieyun/.m2/repository/io/rest-assured/json-path/3.1.0/json-path-3.1.0.jar:/Users/chenjieyun/.m2/repository/org/codehaus/groovy/groovy-json/2.4.12/groovy-json-2.4.12.jar:/Users/chenjieyun/.m2/repository/io/rest-assured/rest-assured-common/3.1.0/rest-assured-common-3.1.0.jar:/Users/chenjieyun/.m2/repository/io/rest-assured/xml-path/3.1.0/xml-path-3.1.0.jar:/Users/chenjieyun/.m2/repository/org/apache/commons/commons-lang3/3.4/commons-lang3-3.4.jar:/Users/chenjieyun/.m2/repository/javax/xml/bind/jaxb-api/2.2.12/jaxb-api-2.2.12.jar:/Users/chenjieyun/.m2/repository/info/cukes/cucumber-picocontainer/1.2.5/cucumber-picocontainer-1.2.5.jar:/Users/chenjieyun/.m2/repository/info/cukes/cucumber-java/1.2.5/cucumber-java-1.2.5.jar:/Users/chenjieyun/.m2/repository/info/cukes/cucumber-core/1.2.5/cucumber-core-1.2.5.jar:/Users/chenjieyun/.m2/repository/info/cukes/cucumber-html/0.2.3/cucumber-html-0.2.3.jar:/Users/chenjieyun/.m2/repository/info/cukes/cucumber-jvm-deps/1.0.5/cucumber-jvm-deps-1.0.5.jar:/Users/chenjieyun/.m2/repository/info/cukes/gherkin/2.12.2/gherkin-2.12.2.jar:/Users/chenjieyun/.m2/repository/org/picocontainer/picocontainer/2.15/picocontainer-2.15.jar:/Users/chenjieyun/.m2/repository/picocontainer/picocontainer/3/picocontainer-3.jar:/Users/chenjieyun/.m2/repository/org/apache/maven/surefire/surefire-testng-utils/2.20.1/surefire-testng-utils-2.20.1.jar:/Users/chenjieyun/.m2/repository/org/apache/maven/surefire/surefire-grouper/2.20.1/surefire-grouper-2.20.1.jar:"/>
    <property name="java.vm.vendor" value="Oracle Corporation"/>
    <property name="sun.arch.data.model" value="64"/>
    <property name="java.vendor.url" value="http://java.oracle.com/"/>
    <property name="user.timezone" value=""/>
    <property name="user.country.format" value="CN"/>
    <property name="java.vm.specification.version" value="1.8"/>
    <property name="os.name" value="Mac OS X"/>
    <property name="user.country" value="US"/>
    <property name="sun.java.launcher" value="SUN_STANDARD"/>
    <property name="sun.boot.library.path" value="/Library/Java/JavaVirtualMachines/jdk1.8.0_121.jdk/Contents/Home/jre/lib"/>
    <property name="sun.java.command" value="/Users/chenjieyun/eclipse-workspace/InterviewTest/target/surefire/surefirebooter3026439676657178830.jar /Users/chenjieyun/eclipse-workspace/InterviewTest/target/surefire 2018-09-19T10-37-05_181-jvmRun1 surefire8352576009395178731tmp surefire_01309457086508566415tmp"/>
    <property name="http.nonProxyHosts" value="localhost|*.localhost|127.0.0.1|192.168.1.103|192.168.1.104"/>
    <property name="surefire.test.class.path" value="/Users/chenjieyun/eclipse-workspace/InterviewTest/target/test-classes:/Users/chenjieyun/eclipse-workspace/InterviewTest/target/classes:/Users/chenjieyun/.m2/repository/org/seleniumhq/selenium/selenium-java/3.13.0/selenium-java-3.13.0.jar:/Users/chenjieyun/.m2/repository/org/seleniumhq/selenium/selenium-api/3.13.0/selenium-api-3.13.0.jar:/Users/chenjieyun/.m2/repository/org/seleniumhq/selenium/selenium-chrome-driver/3.13.0/selenium-chrome-driver-3.13.0.jar:/Users/chenjieyun/.m2/repository/org/seleniumhq/selenium/selenium-edge-driver/3.13.0/selenium-edge-driver-3.13.0.jar:/Users/chenjieyun/.m2/repository/org/seleniumhq/selenium/selenium-firefox-driver/3.13.0/selenium-firefox-driver-3.13.0.jar:/Users/chenjieyun/.m2/repository/org/seleniumhq/selenium/selenium-ie-driver/3.13.0/selenium-ie-driver-3.13.0.jar:/Users/chenjieyun/.m2/repository/org/seleniumhq/selenium/selenium-opera-driver/3.13.0/selenium-opera-driver-3.13.0.jar:/Users/chenjieyun/.m2/repository/org/seleniumhq/selenium/selenium-remote-driver/3.13.0/selenium-remote-driver-3.13.0.jar:/Users/chenjieyun/.m2/repository/org/seleniumhq/selenium/selenium-safari-driver/3.13.0/selenium-safari-driver-3.13.0.jar:/Users/chenjieyun/.m2/repository/org/seleniumhq/selenium/selenium-support/3.13.0/selenium-support-3.13.0.jar:/Users/chenjieyun/.m2/repository/net/bytebuddy/byte-buddy/1.8.3/byte-buddy-1.8.3.jar:/Users/chenjieyun/.m2/repository/org/apache/commons/commons-exec/1.3/commons-exec-1.3.jar:/Users/chenjieyun/.m2/repository/commons-codec/commons-codec/1.10/commons-codec-1.10.jar:/Users/chenjieyun/.m2/repository/commons-logging/commons-logging/1.2/commons-logging-1.2.jar:/Users/chenjieyun/.m2/repository/com/google/code/gson/gson/2.8.4/gson-2.8.4.jar:/Users/chenjieyun/.m2/repository/com/google/guava/guava/25.0-jre/guava-25.0-jre.jar:/Users/chenjieyun/.m2/repository/com/google/code/findbugs/jsr305/1.3.9/jsr305-1.3.9.jar:/Users/chenjieyun/.m2/repository/org/checkerframework/checker-compat-qual/2.0.0/checker-compat-qual-2.0.0.jar:/Users/chenjieyun/.m2/repository/com/google/errorprone/error_prone_annotations/2.1.3/error_prone_annotations-2.1.3.jar:/Users/chenjieyun/.m2/repository/com/google/j2objc/j2objc-annotations/1.1/j2objc-annotations-1.1.jar:/Users/chenjieyun/.m2/repository/org/codehaus/mojo/animal-sniffer-annotations/1.14/animal-sniffer-annotations-1.14.jar:/Users/chenjieyun/.m2/repository/org/apache/httpcomponents/httpclient/4.5.5/httpclient-4.5.5.jar:/Users/chenjieyun/.m2/repository/org/apache/httpcomponents/httpcore/4.4.9/httpcore-4.4.9.jar:/Users/chenjieyun/.m2/repository/com/squareup/okhttp3/okhttp/3.10.0/okhttp-3.10.0.jar:/Users/chenjieyun/.m2/repository/com/squareup/okio/okio/1.14.1/okio-1.14.1.jar:/Users/chenjieyun/.m2/repository/junit/junit/4.11/junit-4.11.jar:/Users/chenjieyun/.m2/repository/org/hamcrest/hamcrest-core/1.3/hamcrest-core-1.3.jar:/Users/chenjieyun/.m2/repository/net/sourceforge/jexcelapi/jxl/2.6/jxl-2.6.jar:/Users/chenjieyun/.m2/repository/org/testng/testng/6.9.4/testng-6.9.4.jar:/Users/chenjieyun/.m2/repository/org/beanshell/bsh/2.0b4/bsh-2.0b4.jar:/Users/chenjieyun/.m2/repository/com/beust/jcommander/1.48/jcommander-1.48.jar:/Users/chenjieyun/.m2/repository/io/cucumber/cucumber-java/3.0.0/cucumber-java-3.0.0.jar:/Users/chenjieyun/.m2/repository/io/cucumber/cucumber-core/3.0.0/cucumber-core-3.0.0.jar:/Users/chenjieyun/.m2/repository/io/cucumber/cucumber-html/0.2.7/cucumber-html-0.2.7.jar:/Users/chenjieyun/.m2/repository/io/cucumber/gherkin/5.0.0/gherkin-5.0.0.jar:/Users/chenjieyun/.m2/repository/io/cucumber/tag-expressions/1.1.1/tag-expressions-1.1.1.jar:/Users/chenjieyun/.m2/repository/io/cucumber/cucumber-expressions/5.0.17/cucumber-expressions-5.0.17.jar:/Users/chenjieyun/.m2/repository/io/cucumber/datatable/1.0.3/datatable-1.0.3.jar:/Users/chenjieyun/.m2/repository/io/cucumber/datatable-dependencies/1.0.3/datatable-dependencies-1.0.3.jar:/Users/chenjieyun/.m2/repository/io/cucumber/cucumber-junit/3.0.0/cucumber-junit-3.0.0.jar:/Users/chenjieyun/.m2/repository/io/rest-assured/rest-assured/3.1.0/rest-assured-3.1.0.jar:/Users/chenjieyun/.m2/repository/org/codehaus/groovy/groovy/2.4.12/groovy-2.4.12.jar:/Users/chenjieyun/.m2/repository/org/codehaus/groovy/groovy-xml/2.4.12/groovy-xml-2.4.12.jar:/Users/chenjieyun/.m2/repository/org/apache/httpcomponents/httpmime/4.5.1/httpmime-4.5.1.jar:/Users/chenjieyun/.m2/repository/org/hamcrest/hamcrest-library/1.3/hamcrest-library-1.3.jar:/Users/chenjieyun/.m2/repository/org/ccil/cowan/tagsoup/tagsoup/1.2.1/tagsoup-1.2.1.jar:/Users/chenjieyun/.m2/repository/io/rest-assured/json-path/3.1.0/json-path-3.1.0.jar:/Users/chenjieyun/.m2/repository/org/codehaus/groovy/groovy-json/2.4.12/groovy-json-2.4.12.jar:/Users/chenjieyun/.m2/repository/io/rest-assured/rest-assured-common/3.1.0/rest-assured-common-3.1.0.jar:/Users/chenjieyun/.m2/repository/io/rest-assured/xml-path/3.1.0/xml-path-3.1.0.jar:/Users/chenjieyun/.m2/repository/org/apache/commons/commons-lang3/3.4/commons-lang3-3.4.jar:/Users/chenjieyun/.m2/repository/javax/xml/bind/jaxb-api/2.2.12/jaxb-api-2.2.12.jar:/Users/chenjieyun/.m2/repository/info/cukes/cucumber-picocontainer/1.2.5/cucumber-picocontainer-1.2.5.jar:/Users/chenjieyun/.m2/repository/info/cukes/cucumber-java/1.2.5/cucumber-java-1.2.5.jar:/Users/chenjieyun/.m2/repository/info/cukes/cucumber-core/1.2.5/cucumber-core-1.2.5.jar:/Users/chenjieyun/.m2/repository/info/cukes/cucumber-html/0.2.3/cucumber-html-0.2.3.jar:/Users/chenjieyun/.m2/repository/info/cukes/cucumber-jvm-deps/1.0.5/cucumber-jvm-deps-1.0.5.jar:/Users/chenjieyun/.m2/repository/info/cukes/gherkin/2.12.2/gherkin-2.12.2.jar:/Users/chenjieyun/.m2/repository/org/picocontainer/picocontainer/2.15/picocontainer-2.15.jar:/Users/chenjieyun/.m2/repository/picocontainer/picocontainer/3/picocontainer-3.jar:/Users/chenjieyun/.m2/repository/org/apache/maven/surefire/surefire-testng-utils/2.20.1/surefire-testng-utils-2.20.1.jar:/Users/chenjieyun/.m2/repository/org/apache/maven/surefire/surefire-grouper/2.20.1/surefire-grouper-2.20.1.jar:"/>
    <property name="sun.cpu.endian" value="little"/>
    <property name="user.home" value="/Users/chenjieyun"/>
    <property name="user.language" value="en"/>
    <property name="java.specification.vendor" value="Oracle Corporation"/>
    <property name="java.home" value="/Library/Java/JavaVirtualMachines/jdk1.8.0_121.jdk/Contents/Home/jre"/>
    <property name="basedir" value="/Users/chenjieyun/eclipse-workspace/InterviewTest"/>
    <property name="file.separator" value="/"/>
    <property name="line.separator" value="&#10;"/>
    <property name="java.vm.specification.vendor" value="Oracle Corporation"/>
    <property name="java.specification.name" value="Java Platform API Specification"/>
    <property name="java.awt.graphicsenv" value="sun.awt.CGraphicsEnvironment"/>
    <property name="surefire.real.class.path" value="/Users/chenjieyun/eclipse-workspace/InterviewTest/target/surefire/surefirebooter3026439676657178830.jar"/>
    <property name="sun.boot.class.path" value="/Library/Java/JavaVirtualMachines/jdk1.8.0_121.jdk/Contents/Home/jre/lib/resources.jar:/Library/Java/JavaVirtualMachines/jdk1.8.0_121.jdk/Contents/Home/jre/lib/rt.jar:/Library/Java/JavaVirtualMachines/jdk1.8.0_121.jdk/Contents/Home/jre/lib/sunrsasign.jar:/Library/Java/JavaVirtualMachines/jdk1.8.0_121.jdk/Contents/Home/jre/lib/jsse.jar:/Library/Java/JavaVirtualMachines/jdk1.8.0_121.jdk/Contents/Home/jre/lib/jce.jar:/Library/Java/JavaVirtualMachines/jdk1.8.0_121.jdk/Contents/Home/jre/lib/charsets.jar:/Library/Java/JavaVirtualMachines/jdk1.8.0_121.jdk/Contents/Home/jre/lib/jfr.jar:/Library/Java/JavaVirtualMachines/jdk1.8.0_121.jdk/Contents/Home/jre/classes"/>
    <property name="sun.management.compiler" value="HotSpot 64-Bit Tiered Compilers"/>
    <property name="ftp.nonProxyHosts" value="localhost|*.localhost|127.0.0.1|192.168.1.103|192.168.1.104"/>
    <property name="java.runtime.version" value="1.8.0_121-b13"/>
    <property name="user.name" value="chenjieyun"/>
    <property name="path.separator" value=":"/>
    <property name="os.version" value="10.13.6"/>
    <property name="java.endorsed.dirs" value="/Library/Java/JavaVirtualMachines/jdk1.8.0_121.jdk/Contents/Home/jre/lib/endorsed"/>
    <property name="java.runtime.name" value="Java(TM) SE Runtime Environment"/>
    <property name="file.encoding" value="UTF-8"/>
    <property name="java.vm.name" value="Java HotSpot(TM) 64-Bit Server VM"/>
    <property name="localRepository" value="/Users/chenjieyun/.m2/repository"/>
    <property name="java.vendor.url.bug" value="http://bugreport.sun.com/bugreport/"/>
    <property name="java.io.tmpdir" value="/var/folders/dk/j6c5f4pd0pq9w0w4qd818n_w0000gn/T/"/>
    <property name="java.version" value="1.8.0_121"/>
    <property name="user.dir" value="/Users/chenjieyun/eclipse-workspace/InterviewTest"/>
    <property name="os.arch" value="x86_64"/>
    <property name="java.vm.specification.name" value="Java Virtual Machine Specification"/>
    <property name="java.awt.printerjob" value="sun.lwawt.macosx.CPrinterJob"/>
    <property name="sun.os.patch.level" value="unknown"/>
    <property name="java.library.path" value="/Users/chenjieyun/Library/Java/Extensions:/Library/Java/Extensions:/Network/Library/Java/Extensions:/System/Library/Java/Extensions:/usr/lib/java:."/>
    <property name="java.vm.info" value="mixed mode"/>
    <property name="java.vendor" value="Oracle Corporation"/>
    <property name="java.vm.version" value="25.121-b13"/>
    <property name="java.ext.dirs" value="/Users/chenjieyun/Library/Java/Extensions:/Library/Java/JavaVirtualMachines/jdk1.8.0_121.jdk/Contents/Home/jre/lib/ext:/Library/Java/Extensions:/Network/Library/Java/Extensions:/System/Library/Java/Extensions:/usr/lib/java"/>
    <property name="sun.io.unicode.encoding" value="UnicodeBig"/>
    <property name="java.class.version" value="52.0"/>
    <property name="socksNonProxyHosts" value="localhost|*.localhost|127.0.0.1|192.168.1.103|192.168.1.104"/>
  </properties>
</testsuite>